<?xml version="1.0" encoding="UTF-8"?>
<testsuite xmlns:xsi="http://www.w3.org/2001/XMLSchema-instance" xsi:noNamespaceSchemaLocation="https://maven.apache.org/surefire/maven-surefire-plugin/xsd/surefire-test-report-3.0.xsd" version="3.0" name="org.factoriaf5.FeeTest" time="0.089" tests="1" errors="0" skipped="0" failures="0">
  <properties>
[...]
</properties>
  <testcase name="testAddTransport" classname="org.factoriaf5.FeeTest" time="0.043">
    <system-out><![CDATA[vehiculo con matricula: 0015JFZPeaje: 100.0
vehiculo con matricula: 0015JFXPeaje: 50.0
]]></system-out>
  </testcase>
</testsuite>